<?xml version="1.0" encoding="UTF-8"?>
<!-- Generated by org.testng.reporters.JUnitReportReporter -->
<testsuite hostname="nb-hdu" failures="0" tests="1" name="hduappium.AccessibilityTest5" time="23.331" errors="0" timestamp="2024-03-29T15:08:52 CET" skipped="0">
  <testcase classname="hduappium.AccessibilityTest5" name="accessibilityTest" time="23.331"/>
</testsuite> <!-- hduappium.AccessibilityTest5 -->
