<?xml version="1.0" encoding="UTF-8"?>
<!-- Generated by org.testng.reporters.JUnitReportReporter -->
<testsuite hostname="nb-hdu" failures="0" tests="1" name="hduappium.AccessibilityTest2" time="23.084" errors="0" timestamp="2024-03-29T13:28:11 CET" skipped="0">
  <testcase classname="hduappium.AccessibilityTest2" name="accessibilityTest" time="23.084"/>
</testsuite> <!-- hduappium.AccessibilityTest2 -->
